<?xml version="1.0" encoding="utf-8"?>
<shfbBuild product="Sandcastle Help File Builder" version="1.9.7.0" projectFile="D:\Telerik\TechnicalSupport\HW\SandcastleAPIReference\SandcastleAPIReference.shfbproj" started="8/12/2013 12:26:53 PM">
<buildStep step="Initializing">
Finding tools...
Found Sandcastle tools in &#39;C:\Program Files (x86)\Sandcastle\&#39;
Searching for HTML Help 1 compiler...
Found HTML Help 1 compiler in &#39;C:\Program Files (x86)\HTML Help Workshop\&#39;
</buildStep>
<buildStep step="ValidatingDocumentationSources">
Validating and copying documentation source information
Source: D:\Telerik\TechnicalSupport\HW\My_projects\TestSandcastleAPIDocumentation\TestSandcastleAPIDocumentation\bin\Release\TestSandcastleAPIDocumentation.exe
SHFB: Warning BE0006: Unable to locate any documentation sources for &#39;D:\Telerik\TechnicalSupport\HW\My_projects\TestSandcastleAPIDocumentation\TestSandcastleAPIDocumentation\bin\Release\TestSandcastleAPIDocumentation.exe&#39; (Configuration: Debug Platform: AnyCPU)
Source: D:\Telerik\TechnicalSupport\HW\My_projects\TestSandcastleAPIDocumentation\TestSandcastleAPIDocumentation\bin\Release\TestSandcastleAPIDocumentation.xml
SHFB: Warning BE0006: Unable to locate any documentation sources for &#39;D:\Telerik\TechnicalSupport\HW\My_projects\TestSandcastleAPIDocumentation\TestSandcastleAPIDocumentation\bin\Release\TestSandcastleAPIDocumentation.xml&#39; (Configuration: Debug Platform: AnyCPU)
    Last step completed in 00:00:00.0200
</buildStep>
<buildStep step="Failed">

SHFB: Error BE0042: You must specify at least one documentation source in the form of an assembly or a Visual Studio solution/project file

</buildStep>
</shfbBuild>
